Started at 10 Oct 2000   10:24am
Computing a smoothing spline of degree 3 in 2 dimensional space.
The smoothing factor is 1.
66 points were read.
Analysis will be done against the parameter u(i)
131 Interpolate points will be output over the range 0 to 1.
Variables to use are  X Y 
 
 
sum squared residuals =    1.000007
Normal return. The curve returned has a residual sum of squares that is within tolerance.
 
Total number of all knots =  12
Position of the knots in u(i)
           0.0000       0.0000       0.0000       0.0000       0.2560       0.5449       0.6628       0.7907       1.0000       1.0000       1.0000       1.0000
 
 
 
Echo of input with fitted estimates:
----------------------------------- 
Sample     u(i)            X             Y             X             Y      
                       Observed      Observed      Computed      Computed   
     1   0.0000       2.80309       2.77978       2.8648       2.7607    
     2   8.7988E-03   2.84497       2.77967       2.8749       2.7754    
     3   2.8598E-02   2.93921       2.77942       2.8927       2.8144    
     4   4.4279E-02   2.99171       2.83247       2.9024       2.8503    
     5   6.4514E-02   2.98149       2.92824       2.9105       2.9020    
     6   7.8689E-02   2.92924       2.97093       2.9138       2.9412    
     7   9.9592E-02   2.83509       3.00310       2.9162       3.0023    
     8   1.1257E-01   2.80381       3.05637       2.9167       3.0416    
     9   1.2396E-01   2.81442       3.10954       2.9170       3.0765    
    10   1.3383E-01   2.85636       3.13070       2.9173       3.1070    
    11   1.5157E-01   2.94016       3.14112       2.9183       3.1618    
    12   1.6257E-01   2.99252       3.14098       2.9196       3.1953    
    13   1.7380E-01   3.04490       3.15148       2.9218       3.2289    
    14   1.8983E-01   3.08695       3.21519       2.9267       3.2754    
    15   2.1101E-01   3.05579       3.31102       2.9377       3.3329    
    16   2.2212E-01   3.02449       3.35366       2.9459       3.3609    
    17   2.4186E-01   2.94083       3.39643       2.9656       3.4059    
    18   2.5604E-01   2.88858       3.43913       2.9843       3.4339    
    19   2.7168E-01   2.88878       3.51359       3.0097       3.4601    
    20   2.9570E-01   2.93094       3.61986       3.0576       3.4910    
    21   3.1386E-01   3.01477       3.64092       3.0995       3.5072    
    22   3.3360E-01   3.09842       3.59814       3.1492       3.5184    
    23   3.5266E-01   3.12962       3.51295       3.2001       3.5230    
    24   3.7799E-01   3.20266       3.41701       3.2701       3.5207    
    25   3.9403E-01   3.27590       3.39554       3.3145       3.5145    
    26   4.0943E-01   3.34920       3.39535       3.3564       3.5054    
    27   4.2049E-01   3.39117       3.42715       3.3857       3.4970    
    28   4.3155E-01   3.43314       3.45895       3.4141       3.4872    
    29   4.5038E-01   3.51699       3.49065       3.4596       3.4675    
    30   4.6633E-01   3.57993       3.53303       3.4946       3.4480    
    31   4.8393E-01   3.66370       3.53281       3.5284       3.4237    
    32   5.0588E-01   3.73680       3.45815       3.5623       3.3899    
    33   5.2494E-01   3.76799       3.37296       3.5829       3.3578    
    34   5.4487E-01   3.72588       3.28796       3.5941       3.3220    
    35   5.5784E-01   3.69433       3.23486       3.5953       3.2975    
    36   5.7265E-01   3.63142       3.20311       3.5915       3.2688    
    37   5.8585E-01   3.56859       3.20328       3.5844       3.2426    
    38   6.0141E-01   3.49527       3.19283       3.5726       3.2112    
    39   6.1534E-01   3.43250       3.21428       3.5599       3.1827    
    40   6.3350E-01   3.34867       3.19322       3.5420       3.1455    
    41   6.4918E-01   3.29618       3.14017       3.5268       3.1134    
    42   6.6277E-01   3.28554       3.07637       3.5149       3.0859    
    43   6.7575E-01   3.31681       3.02309       3.5053       3.0601    
    44   6.9335E-01   3.40058       3.02287       3.4949       3.0259    
    45   7.0674E-01   3.46344       3.03334       3.4887       3.0008    
    46   7.2277E-01   3.53679       3.05442       3.4829       2.9720    
    47   7.3817E-01   3.61009       3.05423       3.4786       2.9460    
    48   7.5864E-01   3.67272       2.97959       3.4741       2.9143    
    49   7.7652E-01   3.67250       2.89449       3.4707       2.8897    
    50   7.9075E-01   3.63047       2.84141       3.4679       2.8725    
    51   8.0373E-01   3.59892       2.78830       3.4651       2.8588    
    52   8.1766E-01   3.53604       2.76719       3.4621       2.8457    
    53   8.3360E-01   3.47310       2.72481       3.4592       2.8323    
    54   8.4548E-01   3.42069       2.70367       3.4576       2.8228    
    55   8.5648E-01   3.36833       2.70381       3.4569       2.8143    
    56   8.6902E-01   3.32656       2.74647       3.4571       2.8043    
    57   8.8690E-01   3.32678       2.83158       3.4599       2.7892    
    58   9.0108E-01   3.37925       2.87399       3.4646       2.7757    
    59   9.1501E-01   3.44213       2.89510       3.4719       2.7605    
    60   9.3095E-01   3.50485       2.85238       3.4840       2.7403    
    61   9.4507E-01   3.52562       2.78850       3.4983       2.7193    
    62   9.6205E-01   3.55684       2.71394       3.5207       2.6892    
    63   9.7126E-01   3.56720       2.67136       3.5354       2.6705    
    64   9.8690E-01   3.56701       2.59690       3.5650       2.6341    
    65   9.9686E-01   3.58784       2.55429       3.5870       2.6076    
    66   1.0000       3.59828       2.54362       3.5944       2.5988    
 
 
Estimates at requested locations: 
--------------------------------  
    u(i)           X             Y      
 
  0.0000       2.8648       2.7607    
  4.3994E-03   2.8701       2.7679    
  8.7988E-03   2.8749       2.7754    
  1.8698E-02   2.8846       2.7940    
  2.8598E-02   2.8927       2.8144    
  3.6438E-02   2.8980       2.8319    
  4.4279E-02   2.9024       2.8503    
  5.4396E-02   2.9070       2.8755    
  6.4514E-02   2.9105       2.9020    
  7.1601E-02   2.9123       2.9214    
  7.8689E-02   2.9138       2.9412    
  8.9141E-02   2.9153       2.9713    
  9.9592E-02   2.9162       3.0023    
  1.0608E-01   2.9165       3.0218    
  1.1257E-01   2.9167       3.0416    
  1.1827E-01   2.9169       3.0590    
  1.2396E-01   2.9170       3.0765    
  1.2890E-01   2.9171       3.0918    
  1.3383E-01   2.9173       3.1070    
  1.4270E-01   2.9177       3.1345    
  1.5157E-01   2.9183       3.1618    
  1.5707E-01   2.9189       3.1786    
  1.6257E-01   2.9196       3.1953    
  1.6818E-01   2.9206       3.2122    
  1.7380E-01   2.9218       3.2289    
  1.8182E-01   2.9239       3.2524    
  1.8983E-01   2.9267       3.2754    
  2.0042E-01   2.9315       3.3048    
  2.1101E-01   2.9377       3.3329    
  2.1656E-01   2.9416       3.3471    
  2.2212E-01   2.9459       3.3609    
  2.3199E-01   2.9549       3.3842    
  2.4186E-01   2.9656       3.4059    
  2.4895E-01   2.9744       3.4203    
  2.5604E-01   2.9843       3.4339    
  2.6386E-01   2.9964       3.4476    
  2.7168E-01   3.0097       3.4601    
  2.8369E-01   3.0325       3.4769    
  2.9570E-01   3.0576       3.4910    
  3.0478E-01   3.0780       3.4998    
  3.1386E-01   3.0995       3.5072    
  3.2373E-01   3.1239       3.5136    
  3.3360E-01   3.1492       3.5184    
  3.4313E-01   3.1744       3.5214    
  3.5266E-01   3.2001       3.5230    
  3.6532E-01   3.2349       3.5230    
  3.7799E-01   3.2701       3.5207    
  3.8601E-01   3.2923       3.5180    
  3.9403E-01   3.3145       3.5145    
  4.0173E-01   3.3356       3.5103    
  4.0943E-01   3.3564       3.5054    
  4.1496E-01   3.3712       3.5014    
  4.2049E-01   3.3857       3.4970    
  4.2602E-01   3.4001       3.4923    
  4.3155E-01   3.4141       3.4872    
  4.4097E-01   3.4374       3.4778    
  4.5038E-01   3.4596       3.4675    
  4.5835E-01   3.4776       3.4580    
  4.6633E-01   3.4946       3.4480    
  4.7513E-01   3.5122       3.4362    
  4.8393E-01   3.5284       3.4237    
  4.9490E-01   3.5466       3.4073    
  5.0588E-01   3.5623       3.3899    
  5.1541E-01   3.5737       3.3742    
  5.2494E-01   3.5829       3.3578    
  5.3490E-01   3.5899       3.3402    
  5.4487E-01   3.5941       3.3220    
  5.5135E-01   3.5953       3.3098    
  5.5784E-01   3.5953       3.2975    
  5.6525E-01   3.5941       3.2833    
  5.7265E-01   3.5915       3.2688    
  5.7925E-01   3.5884       3.2558    
  5.8585E-01   3.5844       3.2426    
  5.9363E-01   3.5789       3.2269    
  6.0141E-01   3.5726       3.2112    
  6.0838E-01   3.5665       3.1969    
  6.1534E-01   3.5599       3.1827    
  6.2442E-01   3.5511       3.1641    
  6.3350E-01   3.5420       3.1455    
  6.4134E-01   3.5343       3.1294    
  6.4918E-01   3.5268       3.1134    
  6.5598E-01   3.5206       3.0996    
  6.6277E-01   3.5149       3.0859    
  6.6926E-01   3.5099       3.0729    
  6.7575E-01   3.5053       3.0601    
  6.8455E-01   3.4997       3.0428    
  6.9335E-01   3.4949       3.0259    
  7.0005E-01   3.4916       3.0132    
  7.0674E-01   3.4887       3.0008    
  7.1476E-01   3.4856       2.9862    
  7.2277E-01   3.4829       2.9720    
  7.3047E-01   3.4806       2.9588    
  7.3817E-01   3.4786       2.9460    
  7.4841E-01   3.4762       2.9297    
  7.5864E-01   3.4741       2.9143    
  7.6758E-01   3.4724       2.9016    
  7.7652E-01   3.4707       2.8897    
  7.8364E-01   3.4693       2.8808    
  7.9075E-01   3.4679       2.8725    
  7.9724E-01   3.4665       2.8654    
  8.0373E-01   3.4651       2.8588    
  8.1069E-01   3.4636       2.8521    
  8.1766E-01   3.4621       2.8457    
  8.2563E-01   3.4606       2.8388    
  8.3360E-01   3.4592       2.8323    
  8.3954E-01   3.4583       2.8275    
  8.4548E-01   3.4576       2.8228    
  8.5098E-01   3.4571       2.8185    
  8.5648E-01   3.4569       2.8143    
  8.6275E-01   3.4568       2.8093    
  8.6902E-01   3.4571       2.8043    
  8.7796E-01   3.4581       2.7969    
  8.8690E-01   3.4599       2.7892    
  8.9399E-01   3.4619       2.7826    
  9.0108E-01   3.4646       2.7757    
  9.0804E-01   3.4679       2.7684    
  9.1501E-01   3.4719       2.7605    
  9.2298E-01   3.4774       2.7509    
  9.3095E-01   3.4840       2.7403    
  9.3801E-01   3.4907       2.7302    
  9.4507E-01   3.4983       2.7193    
  9.5356E-01   3.5087       2.7050    
  9.6205E-01   3.5207       2.6892    
  9.6665E-01   3.5278       2.6801    
  9.7126E-01   3.5354       2.6705    
  9.7908E-01   3.5494       2.6530    
  9.8690E-01   3.5650       2.6341    
  9.9188E-01   3.5756       2.6212    
  9.9686E-01   3.5870       2.6076    
  9.9843E-01   3.5907       2.6032    
  1.0000       3.5944       2.5988    
