Started at 10 Oct 2000   10:30am
Computing a smoothing spline of degree 5 in 2 dimensional space.
The smoothing factor is 38.
38 points were read.
Analysis will be done against the parameter u(i)
11 Fixed points will be output over the range 0 to 1.
Variables to use are  SomeVar AnotherVar 
 
 
sum squared residuals =    4.561013
Normal return. The curve returned is the weighted least squares polynomial curve of degree k.  In this extreme case fp gives the upper bound for the smoothing factor s.
 
Total number of all knots =  12
Position of the knots in u(i)
           0.0000       0.0000       0.0000       0.0000       0.0000       0.0000       1.0000       1.0000       1.0000       1.0000       1.0000       1.0000
 
 
 
Echo of input with fitted estimates:
----------------------------------- 
Sample     u(i)         SomeVar     AnotherVar      SomeVar     AnotherVar  
                       Observed      Observed      Computed      Computed   
     1   0.0000       5.60000       3.35300E-02   5.7719      -3.1254E-01
     2   3.4783E-02   6.50200       1.54200E-01   6.4530       2.5754E-01
     3   6.1538E-02   7.20200       1.54700E-01   7.0757       4.3803E-01
     4   9.5937E-02   8.10200       1.55200E-01   7.9629       4.4881E-01
     5   1.3419E-01   9.10100       9.57800E-02   9.0194       2.8953E-01
     6   1.6857E-01   1.00000E+01   1.26400E-01   9.9972       8.5292E-02
     7   2.1831E-01   1.13000E+01   1.87300E-01   1.1410E+01  -1.8365E-01
     8   2.7565E-01   1.28000E+01   1.58200E-01   1.2985E+01  -3.1923E-01
     9   3.1771E-01   1.39000E+01   1.28800E-01   1.4082E+01  -2.5438E-01
    10   3.6745E-01   1.52000E+01   6.95700E-02   1.5312E+01   1.7959E-03
    11   4.0975E-01   1.63000E+01   1.90400E-01   1.6308E+01   3.4478E-01
    12   4.5977E-01   1.76000E+01   3.41300E-01   1.7443E+01   8.4074E-01
    13   4.8408E-01   1.82100E+01   5.21900E-01   1.7984E+01   1.0945    
    14   5.0085E-01   1.84100E+01   9.12400E-01   1.8356E+01   1.2671    
    15   5.3095E-01   1.91100E+01   1.27300       1.9022E+01   1.5607    
    16   5.6089E-01   1.98200E+01   1.60400       1.9688E+01   1.8176    
    17   5.8211E-01   2.03200E+01   1.84500       2.0164E+01   1.9698    
    18   6.0725E-01   2.09200E+01   2.11500       2.0736E+01   2.1114    
    19   6.2422E-01   2.11300E+01   2.50600       2.1126E+01   2.1803    
    20   6.3311E-01   2.12300E+01   2.71600       2.1332E+01   2.2073    
    21   6.3908E-01   2.13300E+01   2.83600       2.1471E+01   2.2219    
    22   6.6227E-01   2.19300E+01   2.74600       2.2015E+01   2.2509    
    23   6.8298E-01   2.24300E+01   2.53700       2.2507E+01   2.2402    
    24   6.9071E-01   2.25200E+01   2.35600       2.2691E+01   2.2276    
    25   7.1898E-01   2.32200E+01   2.11700       2.3370E+01   2.1451    
    26   7.4726E-01   2.39200E+01   1.87700       2.4050E+01   2.0150    
    27   7.7090E-01   2.45200E+01   1.72700       2.4613E+01   1.8828    
    28   7.8427E-01   2.48200E+01   1.54700       2.4928E+01   1.8044    
    29   8.1524E-01   2.56100E+01   1.36700       2.5636E+01   1.6341    
    30   8.4657E-01   2.64100E+01   1.18800       2.6305E+01   1.5208    
    31   8.6572E-01   2.69100E+01   1.15800       2.6681E+01   1.5082    
    32   8.8567E-01   2.74100E+01   1.30800       2.7037E+01   1.5638    
    33   9.0635E-01   2.74200E+01   1.84900       2.7357E+01   1.7195    
    34   9.2521E-01   2.76200E+01   2.30000       2.7598E+01   1.9726    
    35   9.4275E-01   2.75300E+01   2.75000       2.7770E+01   2.3251    
    36   9.6740E-01   2.78300E+01   3.32100       2.7910E+01   3.0540    
    37   9.8346E-01   2.78400E+01   3.74100       2.7927E+01   3.7034    
    38   1.0000       2.79400E+01   4.16200       2.7874E+01   4.5411    
 
 
Estimates at requested locations: 
--------------------------------  
    u(i)        SomeVar     AnotherVar  
 
  0.0000       5.7719      -3.1254E-01
  1.0000E-01   8.0724       4.3836E-01
  2.0000E-01   1.0893E+01  -9.5622E-02
  3.0000E-01   1.3626E+01  -2.9940E-01
  4.0000E-01   1.6082E+01   2.5762E-01
  5.0000E-01   1.8337E+01   1.2584    
  6.0000E-01   2.0570E+01   2.0752    
  7.0000E-01   2.2914E+01   2.2066    
  8.0000E-01   2.5292E+01   1.7141    
  9.0000E-01   2.7265E+01   1.6594    
  1.0000       2.7874E+01   4.5411    
